[debug] [2019-09-16T01:44:46.945Z] ----------------------------------------------------------------------
[debug] [2019-09-16T01:44:46.948Z] Command:       /usr/bin/node /usr/bin/firebase serve
[debug] [2019-09-16T01:44:46.948Z] CLI Version:   7.3.1
[debug] [2019-09-16T01:44:46.948Z] Platform:      linux
[debug] [2019-09-16T01:44:46.948Z] Node Version:  v10.16.3
[debug] [2019-09-16T01:44:46.949Z] Time:          Sun Sep 15 2019 21:44:46 GMT-0400 (Eastern Daylight Time)
[debug] [2019-09-16T01:44:46.949Z] ----------------------------------------------------------------------
[debug] 
[debug] [2019-09-16T01:44:46.957Z] > command requires scopes: ["email","openid","https://www.googleapis.com/auth/cloudplatformprojects.readonly","https://www.googleapis.com/auth/firebase","https://www.googleapis.com/auth/cloud-platform"]
[debug] [2019-09-16T01:44:46.957Z] > authorizing via signed-in user
[debug] [2019-09-16T01:44:46.957Z] [iam] checking project mythall-v7 for permissions ["firebase.projects.get"]
[debug] [2019-09-16T01:44:46.960Z] > refreshing access token with scopes: ["email","https://www.googleapis.com/auth/cloud-platform","https://www.googleapis.com/auth/cloudplatformprojects.readonly","https://www.googleapis.com/auth/firebase","openid"]
[debug] [2019-09-16T01:44:46.960Z] >>> HTTP REQUEST POST https://www.googleapis.com/oauth2/v3/token  
 <request body omitted>
[debug] [2019-09-16T01:44:47.207Z] <<< HTTP RESPONSE 200
[debug] [2019-09-16T01:44:47.260Z] >>> HTTP REQUEST POST https://cloudresourcemanager.googleapis.com/v1/projects/mythall-v7:testIamPermissions  

[debug] [2019-09-16T01:44:47.864Z] <<< HTTP RESPONSE 200
[debug] [2019-09-16T01:44:47.865Z] >>> HTTP REQUEST GET https://firebase.googleapis.com/v1beta1/projects/mythall-v7  
 
[debug] [2019-09-16T01:44:48.470Z] <<< HTTP RESPONSE 200
[info] 
[info] === Serving from '/home/girouxdominik/Projects/Mythall'...
[info] 
[debug] [2019-09-16T01:44:48.490Z] >>> HTTP REQUEST GET https://firebase.googleapis.com/v1beta1/projects/mythall-v7/webApps/-/config  
 
[warn] ⚠  Your requested "node" version "8" doesn't match your global version "10"
[info] ✔  functions: Emulator started at http://localhost:5001
[debug] [2019-09-16T01:44:48.952Z] <<< HTTP RESPONSE 200
[info] i  functions: Watching "/home/girouxdominik/Projects/Mythall/functions" for Cloud Functions...
[info] i  hosting: Serving hosting files from: dist
[info] ✔  hosting: Local server: http://localhost:5000
[debug] [2019-09-16T01:44:49.579Z] [runtime-status] Functions runtime initialized. {"cwd":"/home/girouxdominik/Projects/Mythall/functions","node_version":"10.16.3"}
[debug] [2019-09-16T01:44:49.585Z] [runtime-status] Disabled runtime features: {"functions_config_helper":true,"network_filtering":true,"timeout":true,"memory_limiting":true,"admin_stubs":true} {}
[debug] [2019-09-16T01:44:49.586Z] [runtime-status] Resolved module firebase-admin {"declared":true,"installed":true,"version":"8.5.0","resolution":"/home/girouxdominik/Projects/Mythall/functions/node_modules/firebase-admin/lib/index.js"}
[debug] [2019-09-16T01:44:49.586Z] [runtime-status] Resolved module firebase-functions {"declared":true,"installed":true,"version":"3.2.0","resolution":"/home/girouxdominik/Projects/Mythall/functions/node_modules/firebase-functions/lib/index.js"}
[debug] [2019-09-16T01:44:49.586Z] [runtime-status] Resolved module firebase-functions {"declared":true,"installed":true,"version":"3.2.0","resolution":"/home/girouxdominik/Projects/Mythall/functions/node_modules/firebase-functions/lib/index.js"}
[info] ✔  functions[main]: http function initialized (http://localhost:5001/mythall-v7/us-central1/main).
[info] [hosting] Rewriting /api/ecoles/ to http://localhost:5001/mythall-v7/us-central1/main for local Function main
[debug] [2019-09-16T01:47:38.070Z] Accepted request OPTIONS /mythall-v7/us-central1/main/api/ecoles/ --> main
[debug] [2019-09-16T01:47:38.440Z] [runtime-status] Functions runtime initialized. {"cwd":"/home/girouxdominik/Projects/Mythall/functions","node_version":"10.16.3"}
[info] i  functions: Beginning execution of "main"
[debug] [2019-09-16T01:47:38.441Z] [runtime-status] Disabled runtime features: {"functions_config_helper":true,"network_filtering":true,"timeout":true,"memory_limiting":true,"admin_stubs":true} {}
[debug] [2019-09-16T01:47:38.463Z] [runtime-status] Resolved module firebase-admin {"declared":true,"installed":true,"version":"8.5.0","resolution":"/home/girouxdominik/Projects/Mythall/functions/node_modules/firebase-admin/lib/index.js"}
[debug] [2019-09-16T01:47:38.463Z] [runtime-status] Resolved module firebase-functions {"declared":true,"installed":true,"version":"3.2.0","resolution":"/home/girouxdominik/Projects/Mythall/functions/node_modules/firebase-functions/lib/index.js"}
[debug] [2019-09-16T01:47:38.463Z] [runtime-status] Resolved module firebase-functions {"declared":true,"installed":true,"version":"3.2.0","resolution":"/home/girouxdominik/Projects/Mythall/functions/node_modules/firebase-functions/lib/index.js"}
[debug] [2019-09-16T01:47:38.796Z] [runtime-status] Trigger "main" has been found, beginning invocation! {}
[debug] [2019-09-16T01:47:38.796Z] [runtime-status]  {"httpsTrigger":{},"name":"main","entryPoint":"main"}
[debug] [2019-09-16T01:47:38.797Z] [runtime-status] Running main in mode HTTPS {}
[debug] [2019-09-16T01:47:38.811Z] {"socketPath":"/tmp/firebase_emulator_invocation_5030.sock"}
[debug] [2019-09-16T01:47:38.815Z] [functions] Runtime ready! Sending request! {"socketPath":"/tmp/firebase_emulator_invocation_5030.sock"}
[debug] [2019-09-16T01:47:38.835Z] [runtime-status] Ephemeral server used! {}
[debug] [2019-09-16T01:47:38.852Z] [runtime-status] Ephemeral server survived. {}
[info] i  functions: Finished "main" in ~1s
[info] [hosting] Rewriting /api/ecoles/ to http://localhost:5001/mythall-v7/us-central1/main for local Function main
[debug] [2019-09-16T01:47:38.871Z] Accepted request POST /mythall-v7/us-central1/main/api/ecoles/ --> main
[debug] [2019-09-16T01:47:39.230Z] [runtime-status] Functions runtime initialized. {"cwd":"/home/girouxdominik/Projects/Mythall/functions","node_version":"10.16.3"}
[info] i  functions: Beginning execution of "main"
[debug] [2019-09-16T01:47:39.234Z] [runtime-status] Disabled runtime features: {"functions_config_helper":true,"network_filtering":true,"timeout":true,"memory_limiting":true,"admin_stubs":true} {}
[debug] [2019-09-16T01:47:39.245Z] [runtime-status] Resolved module firebase-admin {"declared":true,"installed":true,"version":"8.5.0","resolution":"/home/girouxdominik/Projects/Mythall/functions/node_modules/firebase-admin/lib/index.js"}
[debug] [2019-09-16T01:47:39.257Z] [runtime-status] Resolved module firebase-functions {"declared":true,"installed":true,"version":"3.2.0","resolution":"/home/girouxdominik/Projects/Mythall/functions/node_modules/firebase-functions/lib/index.js"}
[debug] [2019-09-16T01:47:39.257Z] [runtime-status] Resolved module firebase-functions {"declared":true,"installed":true,"version":"3.2.0","resolution":"/home/girouxdominik/Projects/Mythall/functions/node_modules/firebase-functions/lib/index.js"}
[debug] [2019-09-16T01:47:39.476Z] [runtime-status] Trigger "main" has been found, beginning invocation! {}
[debug] [2019-09-16T01:47:39.481Z] [runtime-status]  {"httpsTrigger":{},"name":"main","entryPoint":"main"}
[debug] [2019-09-16T01:47:39.481Z] [runtime-status] Running main in mode HTTPS {}
[debug] [2019-09-16T01:47:39.492Z] {"socketPath":"/tmp/firebase_emulator_invocation_5037.sock"}
[debug] [2019-09-16T01:47:39.493Z] [functions] Runtime ready! Sending request! {"socketPath":"/tmp/firebase_emulator_invocation_5037.sock"}
[debug] [2019-09-16T01:47:39.560Z] [runtime-status] Ephemeral server used! {}
[debug] [2019-09-16T01:47:39.658Z] [runtime-status] Ephemeral server survived. {}
[info] i  functions: Finished "main" in ~1s
[info] [hosting] Rewriting /api/resistances/ to http://localhost:5001/mythall-v7/us-central1/main for local Function main
[debug] [2019-09-16T01:48:28.132Z] Accepted request OPTIONS /mythall-v7/us-central1/main/api/resistances/ --> main
[debug] [2019-09-16T01:48:28.540Z] [runtime-status] Functions runtime initialized. {"cwd":"/home/girouxdominik/Projects/Mythall/functions","node_version":"10.16.3"}
[info] i  functions: Beginning execution of "main"
[debug] [2019-09-16T01:48:28.542Z] [runtime-status] Disabled runtime features: {"functions_config_helper":true,"network_filtering":true,"timeout":true,"memory_limiting":true,"admin_stubs":true} {}
[debug] [2019-09-16T01:48:28.548Z] [runtime-status] Resolved module firebase-admin {"declared":true,"installed":true,"version":"8.5.0","resolution":"/home/girouxdominik/Projects/Mythall/functions/node_modules/firebase-admin/lib/index.js"}
[debug] [2019-09-16T01:48:28.553Z] [runtime-status] Resolved module firebase-functions {"declared":true,"installed":true,"version":"3.2.0","resolution":"/home/girouxdominik/Projects/Mythall/functions/node_modules/firebase-functions/lib/index.js"}
[debug] [2019-09-16T01:48:28.553Z] [runtime-status] Resolved module firebase-functions {"declared":true,"installed":true,"version":"3.2.0","resolution":"/home/girouxdominik/Projects/Mythall/functions/node_modules/firebase-functions/lib/index.js"}
[debug] [2019-09-16T01:48:28.783Z] [runtime-status] Trigger "main" has been found, beginning invocation! {}
[debug] [2019-09-16T01:48:28.784Z] [runtime-status]  {"httpsTrigger":{},"name":"main","entryPoint":"main"}
[debug] [2019-09-16T01:48:28.784Z] [runtime-status] Running main in mode HTTPS {}
[debug] [2019-09-16T01:48:28.792Z] {"socketPath":"/tmp/firebase_emulator_invocation_5050.sock"}
[debug] [2019-09-16T01:48:28.793Z] [functions] Runtime ready! Sending request! {"socketPath":"/tmp/firebase_emulator_invocation_5050.sock"}
[debug] [2019-09-16T01:48:28.804Z] [runtime-status] Ephemeral server used! {}
[debug] [2019-09-16T01:48:28.817Z] [runtime-status] Ephemeral server survived. {}
[info] i  functions: Finished "main" in ~1s
[info] [hosting] Rewriting /api/resistances/ to http://localhost:5001/mythall-v7/us-central1/main for local Function main
[debug] [2019-09-16T01:48:28.832Z] Accepted request POST /mythall-v7/us-central1/main/api/resistances/ --> main
[debug] [2019-09-16T01:48:29.233Z] [runtime-status] Functions runtime initialized. {"cwd":"/home/girouxdominik/Projects/Mythall/functions","node_version":"10.16.3"}
[info] i  functions: Beginning execution of "main"
[debug] [2019-09-16T01:48:29.236Z] [runtime-status] Disabled runtime features: {"functions_config_helper":true,"network_filtering":true,"timeout":true,"memory_limiting":true,"admin_stubs":true} {}
[debug] [2019-09-16T01:48:29.238Z] [runtime-status] Resolved module firebase-admin {"declared":true,"installed":true,"version":"8.5.0","resolution":"/home/girouxdominik/Projects/Mythall/functions/node_modules/firebase-admin/lib/index.js"}
[debug] [2019-09-16T01:48:29.243Z] [runtime-status] Resolved module firebase-functions {"declared":true,"installed":true,"version":"3.2.0","resolution":"/home/girouxdominik/Projects/Mythall/functions/node_modules/firebase-functions/lib/index.js"}
[debug] [2019-09-16T01:48:29.243Z] [runtime-status] Resolved module firebase-functions {"declared":true,"installed":true,"version":"3.2.0","resolution":"/home/girouxdominik/Projects/Mythall/functions/node_modules/firebase-functions/lib/index.js"}
[debug] [2019-09-16T01:48:29.436Z] [runtime-status] Trigger "main" has been found, beginning invocation! {}
[debug] [2019-09-16T01:48:29.436Z] [runtime-status]  {"httpsTrigger":{},"name":"main","entryPoint":"main"}
[debug] [2019-09-16T01:48:29.436Z] [runtime-status] Running main in mode HTTPS {}
[debug] [2019-09-16T01:48:29.444Z] {"socketPath":"/tmp/firebase_emulator_invocation_5057.sock"}
[debug] [2019-09-16T01:48:29.445Z] [functions] Runtime ready! Sending request! {"socketPath":"/tmp/firebase_emulator_invocation_5057.sock"}
[debug] [2019-09-16T01:48:29.470Z] [runtime-status] Ephemeral server used! {}
[debug] [2019-09-16T01:48:29.523Z] [runtime-status] Ephemeral server survived. {}
[info] i  functions: Finished "main" in ~1s
[info] [hosting] Rewriting /api/resistances/?id=4dmqPh8W3xP1MEzJMYU4 to http://localhost:5001/mythall-v7/us-central1/main for local Function main
[debug] [2019-09-16T01:48:53.267Z] Accepted request OPTIONS /mythall-v7/us-central1/main/api/resistances/?id=4dmqPh8W3xP1MEzJMYU4 --> main
[debug] [2019-09-16T01:48:53.656Z] [runtime-status] Functions runtime initialized. {"cwd":"/home/girouxdominik/Projects/Mythall/functions","node_version":"10.16.3"}
[info] i  functions: Beginning execution of "main"
[debug] [2019-09-16T01:48:53.662Z] [runtime-status] Disabled runtime features: {"functions_config_helper":true,"network_filtering":true,"timeout":true,"memory_limiting":true,"admin_stubs":true} {}
[debug] [2019-09-16T01:48:53.678Z] [runtime-status] Resolved module firebase-admin {"declared":true,"installed":true,"version":"8.5.0","resolution":"/home/girouxdominik/Projects/Mythall/functions/node_modules/firebase-admin/lib/index.js"}
[debug] [2019-09-16T01:48:53.680Z] [runtime-status] Resolved module firebase-functions {"declared":true,"installed":true,"version":"3.2.0","resolution":"/home/girouxdominik/Projects/Mythall/functions/node_modules/firebase-functions/lib/index.js"}
[debug] [2019-09-16T01:48:53.681Z] [runtime-status] Resolved module firebase-functions {"declared":true,"installed":true,"version":"3.2.0","resolution":"/home/girouxdominik/Projects/Mythall/functions/node_modules/firebase-functions/lib/index.js"}
[debug] [2019-09-16T01:48:53.942Z] [runtime-status] Trigger "main" has been found, beginning invocation! {}
[debug] [2019-09-16T01:48:53.943Z] [runtime-status]  {"httpsTrigger":{},"name":"main","entryPoint":"main"}
[debug] [2019-09-16T01:48:53.943Z] [runtime-status] Running main in mode HTTPS {}
[debug] [2019-09-16T01:48:53.957Z] {"socketPath":"/tmp/firebase_emulator_invocation_5069.sock"}
[debug] [2019-09-16T01:48:53.966Z] [functions] Runtime ready! Sending request! {"socketPath":"/tmp/firebase_emulator_invocation_5069.sock"}
[debug] [2019-09-16T01:48:53.985Z] [runtime-status] Ephemeral server used! {}
[debug] [2019-09-16T01:48:53.998Z] [runtime-status] Ephemeral server survived. {}
[info] i  functions: Finished "main" in ~1s
[info] [hosting] Rewriting /api/resistances/?id=4dmqPh8W3xP1MEzJMYU4 to http://localhost:5001/mythall-v7/us-central1/main for local Function main
[debug] [2019-09-16T01:48:54.019Z] Accepted request DELETE /mythall-v7/us-central1/main/api/resistances/?id=4dmqPh8W3xP1MEzJMYU4 --> main
[debug] [2019-09-16T01:48:54.374Z] [runtime-status] Functions runtime initialized. {"cwd":"/home/girouxdominik/Projects/Mythall/functions","node_version":"10.16.3"}
[info] i  functions: Beginning execution of "main"
[debug] [2019-09-16T01:48:54.375Z] [runtime-status] Disabled runtime features: {"functions_config_helper":true,"network_filtering":true,"timeout":true,"memory_limiting":true,"admin_stubs":true} {}
[debug] [2019-09-16T01:48:54.380Z] [runtime-status] Resolved module firebase-admin {"declared":true,"installed":true,"version":"8.5.0","resolution":"/home/girouxdominik/Projects/Mythall/functions/node_modules/firebase-admin/lib/index.js"}
[debug] [2019-09-16T01:48:54.380Z] [runtime-status] Resolved module firebase-functions {"declared":true,"installed":true,"version":"3.2.0","resolution":"/home/girouxdominik/Projects/Mythall/functions/node_modules/firebase-functions/lib/index.js"}
[debug] [2019-09-16T01:48:54.384Z] [runtime-status] Resolved module firebase-functions {"declared":true,"installed":true,"version":"3.2.0","resolution":"/home/girouxdominik/Projects/Mythall/functions/node_modules/firebase-functions/lib/index.js"}
[debug] [2019-09-16T01:48:54.591Z] [runtime-status] Trigger "main" has been found, beginning invocation! {}
[debug] [2019-09-16T01:48:54.595Z] [runtime-status]  {"httpsTrigger":{},"name":"main","entryPoint":"main"}
[debug] [2019-09-16T01:48:54.595Z] [runtime-status] Running main in mode HTTPS {}
[debug] [2019-09-16T01:48:54.599Z] {"socketPath":"/tmp/firebase_emulator_invocation_5076.sock"}
[debug] [2019-09-16T01:48:54.600Z] [functions] Runtime ready! Sending request! {"socketPath":"/tmp/firebase_emulator_invocation_5076.sock"}
[debug] [2019-09-16T01:48:54.611Z] [runtime-status] Ephemeral server used! {}
[debug] [2019-09-16T01:48:54.663Z] [runtime-status] Ephemeral server survived. {}
[info] i  functions: Finished "main" in ~1s
[info] [hosting] Rewriting /api/resistances/ to http://localhost:5001/mythall-v7/us-central1/main for local Function main
[debug] [2019-09-16T02:20:56.270Z] Accepted request OPTIONS /mythall-v7/us-central1/main/api/resistances/ --> main
[debug] [2019-09-16T02:20:56.704Z] [runtime-status] Functions runtime initialized. {"cwd":"/home/girouxdominik/Projects/Mythall/functions","node_version":"10.16.3"}
[info] i  functions: Beginning execution of "main"
[debug] [2019-09-16T02:20:56.718Z] [runtime-status] Disabled runtime features: {"functions_config_helper":true,"network_filtering":true,"timeout":true,"memory_limiting":true,"admin_stubs":true} {}
[debug] [2019-09-16T02:20:56.731Z] [runtime-status] Resolved module firebase-admin {"declared":true,"installed":true,"version":"8.5.0","resolution":"/home/girouxdominik/Projects/Mythall/functions/node_modules/firebase-admin/lib/index.js"}
[debug] [2019-09-16T02:20:56.738Z] [runtime-status] Resolved module firebase-functions {"declared":true,"installed":true,"version":"3.2.0","resolution":"/home/girouxdominik/Projects/Mythall/functions/node_modules/firebase-functions/lib/index.js"}
[debug] [2019-09-16T02:20:56.738Z] [runtime-status] Resolved module firebase-functions {"declared":true,"installed":true,"version":"3.2.0","resolution":"/home/girouxdominik/Projects/Mythall/functions/node_modules/firebase-functions/lib/index.js"}
[debug] [2019-09-16T02:20:57.016Z] [runtime-status] Trigger "main" has been found, beginning invocation! {}
[debug] [2019-09-16T02:20:57.016Z] [runtime-status]  {"httpsTrigger":{},"name":"main","entryPoint":"main"}
[debug] [2019-09-16T02:20:57.016Z] [runtime-status] Running main in mode HTTPS {}
[debug] [2019-09-16T02:20:57.026Z] {"socketPath":"/tmp/firebase_emulator_invocation_5510.sock"}
[debug] [2019-09-16T02:20:57.028Z] [functions] Runtime ready! Sending request! {"socketPath":"/tmp/firebase_emulator_invocation_5510.sock"}
[debug] [2019-09-16T02:20:57.048Z] [runtime-status] Ephemeral server used! {}
[debug] [2019-09-16T02:20:57.062Z] [runtime-status] Ephemeral server survived. {}
[info] i  functions: Finished "main" in ~1s
[info] [hosting] Rewriting /api/resistances/ to http://localhost:5001/mythall-v7/us-central1/main for local Function main
[debug] [2019-09-16T02:20:57.076Z] Accepted request POST /mythall-v7/us-central1/main/api/resistances/ --> main
[debug] [2019-09-16T02:20:57.425Z] [runtime-status] Functions runtime initialized. {"cwd":"/home/girouxdominik/Projects/Mythall/functions","node_version":"10.16.3"}
[info] i  functions: Beginning execution of "main"
[debug] [2019-09-16T02:20:57.427Z] [runtime-status] Disabled runtime features: {"functions_config_helper":true,"network_filtering":true,"timeout":true,"memory_limiting":true,"admin_stubs":true} {}
[debug] [2019-09-16T02:20:57.445Z] [runtime-status] Resolved module firebase-admin {"declared":true,"installed":true,"version":"8.5.0","resolution":"/home/girouxdominik/Projects/Mythall/functions/node_modules/firebase-admin/lib/index.js"}
[debug] [2019-09-16T02:20:57.445Z] [runtime-status] Resolved module firebase-functions {"declared":true,"installed":true,"version":"3.2.0","resolution":"/home/girouxdominik/Projects/Mythall/functions/node_modules/firebase-functions/lib/index.js"}
[debug] [2019-09-16T02:20:57.445Z] [runtime-status] Resolved module firebase-functions {"declared":true,"installed":true,"version":"3.2.0","resolution":"/home/girouxdominik/Projects/Mythall/functions/node_modules/firebase-functions/lib/index.js"}
[debug] [2019-09-16T02:20:57.696Z] [runtime-status] Trigger "main" has been found, beginning invocation! {}
[debug] [2019-09-16T02:20:57.702Z] [runtime-status]  {"httpsTrigger":{},"name":"main","entryPoint":"main"}
[debug] [2019-09-16T02:20:57.702Z] [runtime-status] Running main in mode HTTPS {}
[debug] [2019-09-16T02:20:57.706Z] {"socketPath":"/tmp/firebase_emulator_invocation_5517.sock"}
[debug] [2019-09-16T02:20:57.706Z] [functions] Runtime ready! Sending request! {"socketPath":"/tmp/firebase_emulator_invocation_5517.sock"}
[debug] [2019-09-16T02:20:57.742Z] [runtime-status] Ephemeral server used! {}
[debug] [2019-09-16T02:20:57.813Z] [runtime-status] Ephemeral server survived. {}
[info] i  functions: Finished "main" in ~1s
[info] [hosting] Rewriting /api/resistances/?id=uIhNbVobgMKt3Ca8wfln to http://localhost:5001/mythall-v7/us-central1/main for local Function main
[debug] [2019-09-16T02:21:02.589Z] Accepted request OPTIONS /mythall-v7/us-central1/main/api/resistances/?id=uIhNbVobgMKt3Ca8wfln --> main
[debug] [2019-09-16T02:21:02.973Z] [runtime-status] Functions runtime initialized. {"cwd":"/home/girouxdominik/Projects/Mythall/functions","node_version":"10.16.3"}
[info] i  functions: Beginning execution of "main"
[debug] [2019-09-16T02:21:02.978Z] [runtime-status] Disabled runtime features: {"functions_config_helper":true,"network_filtering":true,"timeout":true,"memory_limiting":true,"admin_stubs":true} {}
[debug] [2019-09-16T02:21:02.994Z] [runtime-status] Resolved module firebase-admin {"declared":true,"installed":true,"version":"8.5.0","resolution":"/home/girouxdominik/Projects/Mythall/functions/node_modules/firebase-admin/lib/index.js"}
[debug] [2019-09-16T02:21:02.995Z] [runtime-status] Resolved module firebase-functions {"declared":true,"installed":true,"version":"3.2.0","resolution":"/home/girouxdominik/Projects/Mythall/functions/node_modules/firebase-functions/lib/index.js"}
[debug] [2019-09-16T02:21:02.998Z] [runtime-status] Resolved module firebase-functions {"declared":true,"installed":true,"version":"3.2.0","resolution":"/home/girouxdominik/Projects/Mythall/functions/node_modules/firebase-functions/lib/index.js"}
[debug] [2019-09-16T02:21:03.217Z] [runtime-status] Trigger "main" has been found, beginning invocation! {}
[debug] [2019-09-16T02:21:03.221Z] [runtime-status]  {"httpsTrigger":{},"name":"main","entryPoint":"main"}
[debug] [2019-09-16T02:21:03.221Z] [runtime-status] Running main in mode HTTPS {}
[debug] [2019-09-16T02:21:03.226Z] {"socketPath":"/tmp/firebase_emulator_invocation_5528.sock"}
[debug] [2019-09-16T02:21:03.228Z] [functions] Runtime ready! Sending request! {"socketPath":"/tmp/firebase_emulator_invocation_5528.sock"}
[debug] [2019-09-16T02:21:03.255Z] [runtime-status] Ephemeral server used! {}
[debug] [2019-09-16T02:21:03.266Z] [runtime-status] Ephemeral server survived. {}
[info] i  functions: Finished "main" in ~1s
[info] [hosting] Rewriting /api/resistances/?id=uIhNbVobgMKt3Ca8wfln to http://localhost:5001/mythall-v7/us-central1/main for local Function main
[debug] [2019-09-16T02:21:03.279Z] Accepted request DELETE /mythall-v7/us-central1/main/api/resistances/?id=uIhNbVobgMKt3Ca8wfln --> main
[debug] [2019-09-16T02:21:03.663Z] [runtime-status] Functions runtime initialized. {"cwd":"/home/girouxdominik/Projects/Mythall/functions","node_version":"10.16.3"}
[info] i  functions: Beginning execution of "main"
[debug] [2019-09-16T02:21:03.667Z] [runtime-status] Disabled runtime features: {"functions_config_helper":true,"network_filtering":true,"timeout":true,"memory_limiting":true,"admin_stubs":true} {}
[debug] [2019-09-16T02:21:03.668Z] [runtime-status] Resolved module firebase-admin {"declared":true,"installed":true,"version":"8.5.0","resolution":"/home/girouxdominik/Projects/Mythall/functions/node_modules/firebase-admin/lib/index.js"}
[debug] [2019-09-16T02:21:03.672Z] [runtime-status] Resolved module firebase-functions {"declared":true,"installed":true,"version":"3.2.0","resolution":"/home/girouxdominik/Projects/Mythall/functions/node_modules/firebase-functions/lib/index.js"}
[debug] [2019-09-16T02:21:03.673Z] [runtime-status] Resolved module firebase-functions {"declared":true,"installed":true,"version":"3.2.0","resolution":"/home/girouxdominik/Projects/Mythall/functions/node_modules/firebase-functions/lib/index.js"}
[debug] [2019-09-16T02:21:03.911Z] [runtime-status] Trigger "main" has been found, beginning invocation! {}
[debug] [2019-09-16T02:21:03.911Z] [runtime-status]  {"httpsTrigger":{},"name":"main","entryPoint":"main"}
[debug] [2019-09-16T02:21:03.911Z] [runtime-status] Running main in mode HTTPS {}
[debug] [2019-09-16T02:21:03.933Z] {"socketPath":"/tmp/firebase_emulator_invocation_5535.sock"}
[debug] [2019-09-16T02:21:03.934Z] [functions] Runtime ready! Sending request! {"socketPath":"/tmp/firebase_emulator_invocation_5535.sock"}
[debug] [2019-09-16T02:21:03.957Z] [runtime-status] Ephemeral server used! {}
[debug] [2019-09-16T02:21:04.017Z] [runtime-status] Ephemeral server survived. {}
[info] i  functions: Finished "main" in ~1s
